{"action": "create_role", "entity": "role", "event": "access_control_action", "item_id": null, "name": "data_engineer", "result": "created", "success": true, "timestamp": "2026-07-23T04:31:52.245671+00:00"}
{"action": "create_permission", "entity": "permission", "event": "access_control_action", "item_id": null, "name": "alter", "result": "created", "success": true, "timestamp": "2026-07-23T04:31:52.256670+00:00"}
{"action": "create_access", "entity": "access", "event": "access_control_action", "item_id": null, "name": "schema_admin", "result": "created", "success": true, "timestamp": "2026-07-23T04:31:52.267671+00:00"}
{"action": "update_role", "entity": "role", "event": "access_control_action", "item_id": 1, "name": null, "result": "updated", "success": true, "timestamp": "2026-07-23T04:31:52.279668+00:00"}
{"action": "update_permission", "entity": "permission", "event": "access_control_action", "item_id": 1, "name": null, "result": "updated", "success": true, "timestamp": "2026-07-23T04:31:52.291668+00:00"}
{"action": "update_access", "entity": "access", "event": "access_control_action", "item_id": 1, "name": null, "result": "updated", "success": true, "timestamp": "2026-07-23T04:31:52.303670+00:00"}
{"action": "delete_role", "entity": "role", "event": "access_control_action", "item_id": 1, "name": null, "result": "deleted", "success": true, "timestamp": "2026-07-23T04:31:52.326668+00:00"}
{"action": "delete_permission", "entity": "permission", "event": "access_control_action", "item_id": 1, "name": null, "result": "deleted", "success": true, "timestamp": "2026-07-23T04:31:52.338668+00:00"}
{"action": "delete_access", "entity": "access", "event": "access_control_action", "item_id": 1, "name": null, "result": "deleted", "success": true, "timestamp": "2026-07-23T04:31:52.349670+00:00"}
{"action_type": "select", "actor_role": "data_owner", "allowed": true, "column": null, "dataset_id": null, "event": "policy_evaluated", "reason": "Role is permitted by policy", "timestamp": "2026-07-23T04:31:52.357668+00:00"}
{"action_type": "insert", "actor_role": "data_owner", "allowed": true, "column": null, "dataset_id": null, "event": "policy_evaluated", "reason": "Role is permitted by policy", "timestamp": "2026-07-23T04:31:52.359668+00:00"}
{"action_type": "update", "actor_role": "data_owner", "allowed": true, "column": null, "dataset_id": null, "event": "policy_evaluated", "reason": "Role is permitted by policy", "timestamp": "2026-07-23T04:31:52.363691+00:00"}
{"action_type": "delete", "actor_role": "data_owner", "allowed": true, "column": null, "dataset_id": null, "event": "policy_evaluated", "reason": "Role is permitted by policy", "timestamp": "2026-07-23T04:31:52.366671+00:00"}
{"action_type": "create", "actor_role": "data_owner", "allowed": true, "column": null, "dataset_id": null, "event": "policy_evaluated", "reason": "Role is permitted by policy", "timestamp": "2026-07-23T04:31:52.371672+00:00"}
{"action_type": "alter", "actor_role": "data_owner", "allowed": true, "column": null, "dataset_id": null, "event": "policy_evaluated", "reason": "Role is permitted by policy", "timestamp": "2026-07-23T04:31:52.374674+00:00"}
{"action_type": "drop", "actor_role": "data_owner", "allowed": true, "column": null, "dataset_id": null, "event": "policy_evaluated", "reason": "Role is permitted by policy", "timestamp": "2026-07-23T04:31:52.377670+00:00"}
{"action_type": "select", "actor_role": "admin", "allowed": true, "column": null, "dataset_id": null, "event": "policy_evaluated", "reason": "Role is permitted by policy", "timestamp": "2026-07-23T04:31:52.388671+00:00"}
{"action_type": "select", "actor_role": "admin", "allowed": true, "column": null, "dataset_id": null, "event": "policy_evaluated", "reason": "Role is permitted by policy", "timestamp": "2026-07-23T04:31:52.396670+00:00"}
{"action_type": "select", "actor_role": "admin", "allowed": true, "column": null, "dataset_id": null, "event": "policy_evaluated", "reason": "Role is permitted by policy", "timestamp": "2026-07-23T04:31:52.401673+00:00"}
{"action_type": "select", "actor_role": "admin", "allowed": true, "column": null, "dataset_id": null, "event": "policy_evaluated", "reason": "Role is permitted by policy", "timestamp": "2026-07-23T04:31:52.407671+00:00"}
{"action_type": "select", "actor_role": "analyst", "allowed": true, "column": null, "dataset_id": null, "event": "policy_evaluated", "reason": "Role is permitted by policy", "timestamp": "2026-07-23T04:31:52.415196+00:00"}
{"action_type": "select", "actor_role": "analyst", "allowed": true, "column": null, "dataset_id": null, "event": "policy_evaluated", "reason": "Role is permitted by policy", "timestamp": "2026-07-23T04:31:52.420194+00:00"}
{"action_type": "select", "actor_role": "analyst", "allowed": true, "column": null, "dataset_id": null, "event": "policy_evaluated", "reason": "Role is permitted by policy", "timestamp": "2026-07-23T04:31:52.425031+00:00"}
{"action_type": "select", "actor_role": "analyst", "allowed": true, "column": null, "dataset_id": null, "event": "policy_evaluated", "reason": "Role is permitted by policy", "timestamp": "2026-07-23T04:31:52.431029+00:00"}
{"action_type": "select", "actor_role": "auditor", "allowed": false, "column": null, "dataset_id": null, "event": "policy_evaluated", "reason": "Role 'auditor' lacks required access", "timestamp": "2026-07-23T04:31:52.438029+00:00"}
{"action_type": "select", "actor_role": "auditor", "allowed": false, "column": null, "dataset_id": null, "event": "policy_evaluated", "reason": "Role 'auditor' lacks required access", "timestamp": "2026-07-23T04:31:52.447028+00:00"}
{"action_type": "select", "actor_role": "auditor", "allowed": false, "column": null, "dataset_id": null, "event": "policy_evaluated", "reason": "Role 'auditor' lacks required access", "timestamp": "2026-07-23T04:31:52.453032+00:00"}
{"action_type": "select", "actor_role": "auditor", "allowed": false, "column": null, "dataset_id": null, "event": "policy_evaluated", "reason": "Role 'auditor' lacks required access", "timestamp": "2026-07-23T04:31:52.458029+00:00"}
{"action_type": "select", "actor_role": "data_owner", "allowed": true, "column": null, "dataset_id": null, "event": "policy_evaluated", "reason": "Role is permitted by policy", "timestamp": "2026-07-23T04:31:52.463562+00:00"}
{"action_type": "select", "actor_role": "data_owner", "allowed": true, "column": null, "dataset_id": null, "event": "policy_evaluated", "reason": "Role is permitted by policy", "timestamp": "2026-07-23T04:31:52.468547+00:00"}
{"action_type": "select", "actor_role": "data_owner", "allowed": true, "column": null, "dataset_id": null, "event": "policy_evaluated", "reason": "Role is permitted by policy", "timestamp": "2026-07-23T04:31:52.472131+00:00"}
{"action_type": "select", "actor_role": "data_owner", "allowed": true, "column": null, "dataset_id": null, "event": "policy_evaluated", "reason": "Role is permitted by policy", "timestamp": "2026-07-23T04:31:52.476128+00:00"}
{"action_type": "select", "actor_role": "data_steward", "allowed": true, "column": null, "dataset_id": null, "event": "policy_evaluated", "reason": "Role is permitted by policy", "timestamp": "2026-07-23T04:31:52.481127+00:00"}
{"action_type": "select", "actor_role": "data_steward", "allowed": true, "column": null, "dataset_id": null, "event": "policy_evaluated", "reason": "Role is permitted by policy", "timestamp": "2026-07-23T04:31:52.484126+00:00"}
{"action_type": "select", "actor_role": "data_steward", "allowed": true, "column": null, "dataset_id": null, "event": "policy_evaluated", "reason": "Role is permitted by policy", "timestamp": "2026-07-23T04:31:52.488129+00:00"}
{"action_type": "select", "actor_role": "data_steward", "allowed": true, "column": null, "dataset_id": null, "event": "policy_evaluated", "reason": "Role is permitted by policy", "timestamp": "2026-07-23T04:31:52.492131+00:00"}
{"action_type": "select", "actor_role": "service_account", "allowed": true, "column": null, "dataset_id": null, "event": "policy_evaluated", "reason": "Role is permitted by policy", "timestamp": "2026-07-23T04:31:52.496130+00:00"}
{"action_type": "select", "actor_role": "service_account", "allowed": true, "column": null, "dataset_id": null, "event": "policy_evaluated", "reason": "Role is permitted by policy", "timestamp": "2026-07-23T04:31:52.500129+00:00"}
{"action_type": "select", "actor_role": "service_account", "allowed": true, "column": null, "dataset_id": null, "event": "policy_evaluated", "reason": "Role is permitted by policy", "timestamp": "2026-07-23T04:31:52.505131+00:00"}
{"action_type": "select", "actor_role": "service_account", "allowed": true, "column": null, "dataset_id": null, "event": "policy_evaluated", "reason": "Role is permitted by policy", "timestamp": "2026-07-23T04:31:52.511132+00:00"}
{"action_type": "select", "actor_role": "admin", "allowed": true, "column": null, "dataset_id": null, "event": "policy_evaluated", "reason": "Role is permitted by policy", "timestamp": "2026-07-23T04:31:52.517129+00:00"}
{"action_type": "insert", "actor_role": "admin", "allowed": true, "column": null, "dataset_id": null, "event": "policy_evaluated", "reason": "Role is permitted by policy", "timestamp": "2026-07-23T04:31:52.523793+00:00"}
{"action_type": "delete", "actor_role": "admin", "allowed": true, "column": null, "dataset_id": null, "event": "policy_evaluated", "reason": "Role is permitted by policy", "timestamp": "2026-07-23T04:31:52.528015+00:00"}
{"action_type": "create", "actor_role": "admin", "allowed": true, "column": null, "dataset_id": null, "event": "policy_evaluated", "reason": "Role is permitted by policy", "timestamp": "2026-07-23T04:31:52.532586+00:00"}
{"action_type": "alter", "actor_role": "admin", "allowed": true, "column": null, "dataset_id": null, "event": "policy_evaluated", "reason": "Role is permitted by policy", "timestamp": "2026-07-23T04:31:52.537588+00:00"}
{"action_type": "select", "actor_role": "analyst", "allowed": true, "column": null, "dataset_id": null, "event": "policy_evaluated", "reason": "Role is permitted by policy", "timestamp": "2026-07-23T04:31:52.540587+00:00"}
{"action_type": "insert", "actor_role": "analyst", "allowed": false, "column": null, "dataset_id": null, "event": "policy_evaluated", "reason": "Role 'analyst' lacks required access", "timestamp": "2026-07-23T04:31:52.544585+00:00"}
{"action_type": "delete", "actor_role": "analyst", "allowed": false, "column": null, "dataset_id": null, "event": "policy_evaluated", "reason": "Role 'analyst' lacks required access", "timestamp": "2026-07-23T04:31:52.547584+00:00"}
{"action_type": "create", "actor_role": "analyst", "allowed": false, "column": null, "dataset_id": null, "event": "policy_evaluated", "reason": "Role 'analyst' lacks required access", "timestamp": "2026-07-23T04:31:52.550585+00:00"}
{"action_type": "alter", "actor_role": "analyst", "allowed": false, "column": null, "dataset_id": null, "event": "policy_evaluated", "reason": "Role 'analyst' lacks required access", "timestamp": "2026-07-23T04:31:52.554589+00:00"}
{"action_type": "select", "actor_role": "auditor", "allowed": false, "column": null, "dataset_id": null, "event": "policy_evaluated", "reason": "Role 'auditor' lacks required access", "timestamp": "2026-07-23T04:31:52.558585+00:00"}
{"action_type": "insert", "actor_role": "auditor", "allowed": false, "column": null, "dataset_id": null, "event": "policy_evaluated", "reason": "Role 'auditor' lacks required access", "timestamp": "2026-07-23T04:31:52.561587+00:00"}
{"action_type": "delete", "actor_role": "auditor", "allowed": false, "column": null, "dataset_id": null, "event": "policy_evaluated", "reason": "Role 'auditor' lacks required access", "timestamp": "2026-07-23T04:31:52.565586+00:00"}
{"action_type": "create", "actor_role": "auditor", "allowed": false, "column": null, "dataset_id": null, "event": "policy_evaluated", "reason": "Role 'auditor' lacks required access", "timestamp": "2026-07-23T04:31:52.569585+00:00"}
{"action_type": "alter", "actor_role": "auditor", "allowed": false, "column": null, "dataset_id": null, "event": "policy_evaluated", "reason": "Role 'auditor' lacks required access", "timestamp": "2026-07-23T04:31:52.573584+00:00"}
{"action_type": "select", "actor_role": "data_owner", "allowed": true, "column": null, "dataset_id": null, "event": "policy_evaluated", "reason": "Role is permitted by policy", "timestamp": "2026-07-23T04:31:52.576584+00:00"}
{"action_type": "insert", "actor_role": "data_owner", "allowed": true, "column": null, "dataset_id": null, "event": "policy_evaluated", "reason": "Role is permitted by policy", "timestamp": "2026-07-23T04:31:52.581170+00:00"}
{"action_type": "delete", "actor_role": "data_owner", "allowed": true, "column": null, "dataset_id": null, "event": "policy_evaluated", "reason": "Role is permitted by policy", "timestamp": "2026-07-23T04:31:52.586447+00:00"}
{"action_type": "create", "actor_role": "data_owner", "allowed": true, "column": null, "dataset_id": null, "event": "policy_evaluated", "reason": "Role is permitted by policy", "timestamp": "2026-07-23T04:31:52.590128+00:00"}
{"action_type": "alter", "actor_role": "data_owner", "allowed": true, "column": null, "dataset_id": null, "event": "policy_evaluated", "reason": "Role is permitted by policy", "timestamp": "2026-07-23T04:31:52.593275+00:00"}
{"action_type": "select", "actor_role": "data_steward", "allowed": true, "column": null, "dataset_id": null, "event": "policy_evaluated", "reason": "Role is permitted by policy", "timestamp": "2026-07-23T04:31:52.596449+00:00"}
{"action_type": "insert", "actor_role": "data_steward", "allowed": true, "column": null, "dataset_id": null, "event": "policy_evaluated", "reason": "Role is permitted by policy", "timestamp": "2026-07-23T04:31:52.599449+00:00"}
{"action_type": "delete", "actor_role": "data_steward", "allowed": true, "column": null, "dataset_id": null, "event": "policy_evaluated", "reason": "Role is permitted by policy", "timestamp": "2026-07-23T04:31:52.603451+00:00"}
{"action_type": "create", "actor_role": "data_steward", "allowed": true, "column": null, "dataset_id": null, "event": "policy_evaluated", "reason": "Role is permitted by policy", "timestamp": "2026-07-23T04:31:52.606447+00:00"}
{"action_type": "alter", "actor_role": "data_steward", "allowed": true, "column": null, "dataset_id": null, "event": "policy_evaluated", "reason": "Role is permitted by policy", "timestamp": "2026-07-23T04:31:52.609446+00:00"}
{"action_type": "select", "actor_role": "service_account", "allowed": true, "column": null, "dataset_id": null, "event": "policy_evaluated", "reason": "Role is permitted by policy", "timestamp": "2026-07-23T04:31:52.613447+00:00"}
{"action_type": "insert", "actor_role": "service_account", "allowed": false, "column": null, "dataset_id": null, "event": "policy_evaluated", "reason": "Role 'service_account' lacks required access", "timestamp": "2026-07-23T04:31:52.616447+00:00"}
{"action_type": "delete", "actor_role": "service_account", "allowed": false, "column": null, "dataset_id": null, "event": "policy_evaluated", "reason": "Role 'service_account' lacks required access", "timestamp": "2026-07-23T04:31:52.619447+00:00"}
{"action_type": "create", "actor_role": "service_account", "allowed": false, "column": null, "dataset_id": null, "event": "policy_evaluated", "reason": "Role 'service_account' lacks required access", "timestamp": "2026-07-23T04:31:52.621446+00:00"}
{"action_type": "alter", "actor_role": "service_account", "allowed": false, "column": null, "dataset_id": null, "event": "policy_evaluated", "reason": "Role 'service_account' lacks required access", "timestamp": "2026-07-23T04:31:52.624447+00:00"}
{"action": "create_role", "entity": "role", "event": "access_control_action", "item_id": null, "name": "data_engineer", "result": "created", "success": true, "timestamp": "2026-07-23T04:34:41.634880+00:00"}
{"action": "create_permission", "entity": "permission", "event": "access_control_action", "item_id": null, "name": "alter", "result": "created", "success": true, "timestamp": "2026-07-23T04:34:41.646416+00:00"}
{"action": "create_access", "entity": "access", "event": "access_control_action", "item_id": null, "name": "schema_admin", "result": "created", "success": true, "timestamp": "2026-07-23T04:34:41.657974+00:00"}
{"action": "update_role", "entity": "role", "event": "access_control_action", "item_id": 1, "name": null, "result": "updated", "success": true, "timestamp": "2026-07-23T04:34:41.669974+00:00"}
{"action": "update_permission", "entity": "permission", "event": "access_control_action", "item_id": 1, "name": null, "result": "updated", "success": true, "timestamp": "2026-07-23T04:34:41.682778+00:00"}
{"action": "update_access", "entity": "access", "event": "access_control_action", "item_id": 1, "name": null, "result": "updated", "success": true, "timestamp": "2026-07-23T04:34:41.695780+00:00"}
{"action": "delete_role", "entity": "role", "event": "access_control_action", "item_id": 1, "name": null, "result": "deleted", "success": true, "timestamp": "2026-07-23T04:34:41.719666+00:00"}
{"action": "delete_permission", "entity": "permission", "event": "access_control_action", "item_id": 1, "name": null, "result": "deleted", "success": true, "timestamp": "2026-07-23T04:34:41.734263+00:00"}
{"action": "delete_access", "entity": "access", "event": "access_control_action", "item_id": 1, "name": null, "result": "deleted", "success": true, "timestamp": "2026-07-23T04:34:41.747378+00:00"}
{"action_type": "select", "actor_role": "data_owner", "allowed": true, "column": null, "dataset_id": null, "event": "policy_evaluated", "reason": "Role is permitted by policy", "timestamp": "2026-07-23T04:34:41.756376+00:00"}
{"action_type": "insert", "actor_role": "data_owner", "allowed": true, "column": null, "dataset_id": null, "event": "policy_evaluated", "reason": "Role is permitted by policy", "timestamp": "2026-07-23T04:34:41.760007+00:00"}
{"action_type": "update", "actor_role": "data_owner", "allowed": true, "column": null, "dataset_id": null, "event": "policy_evaluated", "reason": "Role is permitted by policy", "timestamp": "2026-07-23T04:34:41.763008+00:00"}
{"action_type": "delete", "actor_role": "data_owner", "allowed": true, "column": null, "dataset_id": null, "event": "policy_evaluated", "reason": "Role is permitted by policy", "timestamp": "2026-07-23T04:34:41.765007+00:00"}
{"action_type": "create", "actor_role": "data_owner", "allowed": true, "column": null, "dataset_id": null, "event": "policy_evaluated", "reason": "Role is permitted by policy", "timestamp": "2026-07-23T04:34:41.768009+00:00"}
{"action_type": "alter", "actor_role": "data_owner", "allowed": true, "column": null, "dataset_id": null, "event": "policy_evaluated", "reason": "Role is permitted by policy", "timestamp": "2026-07-23T04:34:41.772029+00:00"}
{"action_type": "drop", "actor_role": "data_owner", "allowed": true, "column": null, "dataset_id": null, "event": "policy_evaluated", "reason": "Role is permitted by policy", "timestamp": "2026-07-23T04:34:41.775802+00:00"}
{"action_type": "select", "actor_role": "admin", "allowed": true, "column": null, "dataset_id": null, "event": "policy_evaluated", "reason": "Role is permitted by policy", "timestamp": "2026-07-23T04:34:41.780655+00:00"}
{"action_type": "select", "actor_role": "admin", "allowed": true, "column": null, "dataset_id": null, "event": "policy_evaluated", "reason": "Role is permitted by policy", "timestamp": "2026-07-23T04:34:41.784964+00:00"}
{"action_type": "select", "actor_role": "admin", "allowed": true, "column": null, "dataset_id": null, "event": "policy_evaluated", "reason": "Role is permitted by policy", "timestamp": "2026-07-23T04:34:41.788754+00:00"}
{"action_type": "select", "actor_role": "admin", "allowed": true, "column": null, "dataset_id": null, "event": "policy_evaluated", "reason": "Role is permitted by policy", "timestamp": "2026-07-23T04:34:41.792278+00:00"}
{"action_type": "select", "actor_role": "analyst", "allowed": true, "column": null, "dataset_id": null, "event": "policy_evaluated", "reason": "Role is permitted by policy", "timestamp": "2026-07-23T04:34:41.795875+00:00"}
{"action_type": "select", "actor_role": "analyst", "allowed": true, "column": null, "dataset_id": null, "event": "policy_evaluated", "reason": "Role is permitted by policy", "timestamp": "2026-07-23T04:34:41.799875+00:00"}
{"action_type": "select", "actor_role": "analyst", "allowed": true, "column": null, "dataset_id": null, "event": "policy_evaluated", "reason": "Role is permitted by policy", "timestamp": "2026-07-23T04:34:41.803877+00:00"}
{"action_type": "select", "actor_role": "analyst", "allowed": true, "column": null, "dataset_id": null, "event": "policy_evaluated", "reason": "Role is permitted by policy", "timestamp": "2026-07-23T04:34:41.807876+00:00"}
{"action_type": "select", "actor_role": "auditor", "allowed": false, "column": null, "dataset_id": null, "event": "policy_evaluated", "reason": "Role 'auditor' lacks required access", "timestamp": "2026-07-23T04:34:41.811876+00:00"}
{"action_type": "select", "actor_role": "auditor", "allowed": false, "column": null, "dataset_id": null, "event": "policy_evaluated", "reason": "Role 'auditor' lacks required access", "timestamp": "2026-07-23T04:34:41.815405+00:00"}
{"action_type": "select", "actor_role": "auditor", "allowed": false, "column": null, "dataset_id": null, "event": "policy_evaluated", "reason": "Role 'auditor' lacks required access", "timestamp": "2026-07-23T04:34:41.819405+00:00"}
{"action_type": "select", "actor_role": "auditor", "allowed": false, "column": null, "dataset_id": null, "event": "policy_evaluated", "reason": "Role 'auditor' lacks required access", "timestamp": "2026-07-23T04:34:41.823404+00:00"}
{"action_type": "select", "actor_role": "data_owner", "allowed": true, "column": null, "dataset_id": null, "event": "policy_evaluated", "reason": "Role is permitted by policy", "timestamp": "2026-07-23T04:34:41.828403+00:00"}
{"action_type": "select", "actor_role": "data_owner", "allowed": true, "column": null, "dataset_id": null, "event": "policy_evaluated", "reason": "Role is permitted by policy", "timestamp": "2026-07-23T04:34:41.832580+00:00"}
{"action_type": "select", "actor_role": "data_owner", "allowed": true, "column": null, "dataset_id": null, "event": "policy_evaluated", "reason": "Role is permitted by policy", "timestamp": "2026-07-23T04:34:41.835577+00:00"}
{"action_type": "select", "actor_role": "data_owner", "allowed": true, "column": null, "dataset_id": null, "event": "policy_evaluated", "reason": "Role is permitted by policy", "timestamp": "2026-07-23T04:34:41.838832+00:00"}
{"action_type": "select", "actor_role": "data_steward", "allowed": true, "column": null, "dataset_id": null, "event": "policy_evaluated", "reason": "Role is permitted by policy", "timestamp": "2026-07-23T04:34:41.841972+00:00"}
{"action_type": "select", "actor_role": "data_steward", "allowed": true, "column": null, "dataset_id": null, "event": "policy_evaluated", "reason": "Role is permitted by policy", "timestamp": "2026-07-23T04:34:41.844972+00:00"}
{"action_type": "select", "actor_role": "data_steward", "allowed": true, "column": null, "dataset_id": null, "event": "policy_evaluated", "reason": "Role is permitted by policy", "timestamp": "2026-07-23T04:34:41.848970+00:00"}
{"action_type": "select", "actor_role": "data_steward", "allowed": true, "column": null, "dataset_id": null, "event": "policy_evaluated", "reason": "Role is permitted by policy", "timestamp": "2026-07-23T04:34:41.853148+00:00"}
{"action_type": "select", "actor_role": "service_account", "allowed": true, "column": null, "dataset_id": null, "event": "policy_evaluated", "reason": "Role is permitted by policy", "timestamp": "2026-07-23T04:34:41.857139+00:00"}
{"action_type": "select", "actor_role": "service_account", "allowed": true, "column": null, "dataset_id": null, "event": "policy_evaluated", "reason": "Role is permitted by policy", "timestamp": "2026-07-23T04:34:41.861136+00:00"}
{"action_type": "select", "actor_role": "service_account", "allowed": true, "column": null, "dataset_id": null, "event": "policy_evaluated", "reason": "Role is permitted by policy", "timestamp": "2026-07-23T04:34:41.864143+00:00"}
{"action_type": "select", "actor_role": "service_account", "allowed": true, "column": null, "dataset_id": null, "event": "policy_evaluated", "reason": "Role is permitted by policy", "timestamp": "2026-07-23T04:34:41.867135+00:00"}
{"action_type": "select", "actor_role": "admin", "allowed": true, "column": null, "dataset_id": null, "event": "policy_evaluated", "reason": "Role is permitted by policy", "timestamp": "2026-07-23T04:34:41.871135+00:00"}
{"action_type": "insert", "actor_role": "admin", "allowed": true, "column": null, "dataset_id": null, "event": "policy_evaluated", "reason": "Role is permitted by policy", "timestamp": "2026-07-23T04:34:41.873135+00:00"}
{"action_type": "delete", "actor_role": "admin", "allowed": true, "column": null, "dataset_id": null, "event": "policy_evaluated", "reason": "Role is permitted by policy", "timestamp": "2026-07-23T04:34:41.877135+00:00"}
{"action_type": "create", "actor_role": "admin", "allowed": true, "column": null, "dataset_id": null, "event": "policy_evaluated", "reason": "Role is permitted by policy", "timestamp": "2026-07-23T04:34:41.891139+00:00"}
{"action_type": "alter", "actor_role": "admin", "allowed": true, "column": null, "dataset_id": null, "event": "policy_evaluated", "reason": "Role is permitted by policy", "timestamp": "2026-07-23T04:34:41.895140+00:00"}
{"action_type": "select", "actor_role": "analyst", "allowed": true, "column": null, "dataset_id": null, "event": "policy_evaluated", "reason": "Role is permitted by policy", "timestamp": "2026-07-23T04:34:41.898137+00:00"}
{"action_type": "insert", "actor_role": "analyst", "allowed": false, "column": null, "dataset_id": null, "event": "policy_evaluated", "reason": "Role 'analyst' lacks required access", "timestamp": "2026-07-23T04:34:41.902136+00:00"}
{"action_type": "delete", "actor_role": "analyst", "allowed": false, "column": null, "dataset_id": null, "event": "policy_evaluated", "reason": "Role 'analyst' lacks required access", "timestamp": "2026-07-23T04:34:41.905137+00:00"}
{"action_type": "create", "actor_role": "analyst", "allowed": false, "column": null, "dataset_id": null, "event": "policy_evaluated", "reason": "Role 'analyst' lacks required access", "timestamp": "2026-07-23T04:34:41.909136+00:00"}
{"action_type": "alter", "actor_role": "analyst", "allowed": false, "column": null, "dataset_id": null, "event": "policy_evaluated", "reason": "Role 'analyst' lacks required access", "timestamp": "2026-07-23T04:34:41.913138+00:00"}
{"action_type": "select", "actor_role": "auditor", "allowed": false, "column": null, "dataset_id": null, "event": "policy_evaluated", "reason": "Role 'auditor' lacks required access", "timestamp": "2026-07-23T04:34:41.918138+00:00"}
{"action_type": "insert", "actor_role": "auditor", "allowed": false, "column": null, "dataset_id": null, "event": "policy_evaluated", "reason": "Role 'auditor' lacks required access", "timestamp": "2026-07-23T04:34:41.921139+00:00"}
{"action_type": "delete", "actor_role": "auditor", "allowed": false, "column": null, "dataset_id": null, "event": "policy_evaluated", "reason": "Role 'auditor' lacks required access", "timestamp": "2026-07-23T04:34:41.928135+00:00"}
{"action_type": "create", "actor_role": "auditor", "allowed": false, "column": null, "dataset_id": null, "event": "policy_evaluated", "reason": "Role 'auditor' lacks required access", "timestamp": "2026-07-23T04:34:41.932140+00:00"}
{"action_type": "alter", "actor_role": "auditor", "allowed": false, "column": null, "dataset_id": null, "event": "policy_evaluated", "reason": "Role 'auditor' lacks required access", "timestamp": "2026-07-23T04:34:41.937140+00:00"}
{"action_type": "select", "actor_role": "data_owner", "allowed": true, "column": null, "dataset_id": null, "event": "policy_evaluated", "reason": "Role is permitted by policy", "timestamp": "2026-07-23T04:34:41.941137+00:00"}
{"action_type": "insert", "actor_role": "data_owner", "allowed": true, "column": null, "dataset_id": null, "event": "policy_evaluated", "reason": "Role is permitted by policy", "timestamp": "2026-07-23T04:34:41.945137+00:00"}
{"action_type": "delete", "actor_role": "data_owner", "allowed": true, "column": null, "dataset_id": null, "event": "policy_evaluated", "reason": "Role is permitted by policy", "timestamp": "2026-07-23T04:34:41.949137+00:00"}
{"action_type": "create", "actor_role": "data_owner", "allowed": true, "column": null, "dataset_id": null, "event": "policy_evaluated", "reason": "Role is permitted by policy", "timestamp": "2026-07-23T04:34:41.952139+00:00"}
{"action_type": "alter", "actor_role": "data_owner", "allowed": true, "column": null, "dataset_id": null, "event": "policy_evaluated", "reason": "Role is permitted by policy", "timestamp": "2026-07-23T04:34:41.956142+00:00"}
{"action_type": "select", "actor_role": "data_steward", "allowed": true, "column": null, "dataset_id": null, "event": "policy_evaluated", "reason": "Role is permitted by policy", "timestamp": "2026-07-23T04:34:41.959137+00:00"}
{"action_type": "insert", "actor_role": "data_steward", "allowed": true, "column": null, "dataset_id": null, "event": "policy_evaluated", "reason": "Role is permitted by policy", "timestamp": "2026-07-23T04:34:41.963135+00:00"}
{"action_type": "delete", "actor_role": "data_steward", "allowed": true, "column": null, "dataset_id": null, "event": "policy_evaluated", "reason": "Role is permitted by policy", "timestamp": "2026-07-23T04:34:41.966136+00:00"}
{"action_type": "create", "actor_role": "data_steward", "allowed": true, "column": null, "dataset_id": null, "event": "policy_evaluated", "reason": "Role is permitted by policy", "timestamp": "2026-07-23T04:34:41.970137+00:00"}
{"action_type": "alter", "actor_role": "data_steward", "allowed": true, "column": null, "dataset_id": null, "event": "policy_evaluated", "reason": "Role is permitted by policy", "timestamp": "2026-07-23T04:34:41.973140+00:00"}
{"action_type": "select", "actor_role": "service_account", "allowed": true, "column": null, "dataset_id": null, "event": "policy_evaluated", "reason": "Role is permitted by policy", "timestamp": "2026-07-23T04:34:41.977139+00:00"}
{"action_type": "insert", "actor_role": "service_account", "allowed": false, "column": null, "dataset_id": null, "event": "policy_evaluated", "reason": "Role 'service_account' lacks required access", "timestamp": "2026-07-23T04:34:41.981135+00:00"}
{"action_type": "delete", "actor_role": "service_account", "allowed": false, "column": null, "dataset_id": null, "event": "policy_evaluated", "reason": "Role 'service_account' lacks required access", "timestamp": "2026-07-23T04:34:41.984136+00:00"}
{"action_type": "create", "actor_role": "service_account", "allowed": false, "column": null, "dataset_id": null, "event": "policy_evaluated", "reason": "Role 'service_account' lacks required access", "timestamp": "2026-07-23T04:34:41.988685+00:00"}
{"action_type": "alter", "actor_role": "service_account", "allowed": false, "column": null, "dataset_id": null, "event": "policy_evaluated", "reason": "Role 'service_account' lacks required access", "timestamp": "2026-07-23T04:34:41.992475+00:00"}
